# JRE version: OpenJDK Runtime Environment (8.0_112-b06) (build 1.8.0_112-release-b06)
# Java VM: OpenJDK 64-Bit Server VM (25.112-b06 mixed mode windows-amd64 compressed oops)
Heap:
 PSYoungGen      total 57856K, used 45540K [0x00000000e0000000, 0x00000000e5380000, 0x0000000100000000)
  eden space 47104K, 81% used [0x00000000e0000000,0x00000000e25b71f0,0x00000000e2e00000)
  from space 10752K, 64% used [0x00000000e2e00000,0x00000000e34c2038,0x00000000e3880000)
  to   space 10240K, 0% used [0x00000000e4980000,0x00000000e4980000,0x00000000e5380000)
 ParOldGen       total 68096K, used 9323K [0x00000000a0000000, 0x00000000a4280000, 0x00000000e0000000)
  object space 68096K, 13% used [0x00000000a0000000,0x00000000a091acc0,0x00000000a4280000)
 Metaspace       used 31525K, capacity 32180K, committed 32384K, reserved 1077248K
  class space    used 4273K, capacity 4469K, committed 4480K, reserved 1048576K
GC Heap History (10 events):
Event: 3.076 GC heap before
{Heap before GC invocations=4 (full 0):
 PSYoungGen      total 38400K, used 28173K [0x00000000e0000000, 0x00000000e2a80000, 0x0000000100000000)
  eden space 33280K, 69% used [0x00000000e0000000,0x00000000e1687c38,0x00000000e2080000)
  from space 5120K, 99% used [0x00000000e2080000,0x00000000e257b898,0x00000000e2580000)
  to   space 5120K, 0% used [0x00000000e2580000,0x00000000e2580000,0x00000000e2a80000)
 ParOldGen       total 87552K, used 3567K [0x00000000a0000000, 0x00000000a5580000, 0x00000000e0000000)
  object space 87552K, 4% used [0x00000000a0000000,0x00000000a037bc38,0x00000000a5580000)
 Metaspace       used 20825K, capacity 21230K, committed 21296K, reserved 1067008K
  class space    used 2788K, capacity 2944K, committed 2944K, reserved 1048576K
Event: 3.092 GC heap after
Heap after GC invocations=4 (full 0):
 PSYoungGen      total 38400K, used 5120K [0x00000000e0000000, 0x00000000e4b00000, 0x0000000100000000)
  eden space 33280K, 0% used [0x00000000e0000000,0x00000000e0000000,0x00000000e2080000)
  from space 5120K, 100% used [0x00000000e2580000,0x00000000e2a80000,0x00000000e2a80000)
  to   space 5120K, 0% used [0x00000000e2080000,0x00000000e2080000,0x00000000e2580000)
 ParOldGen       total 87552K, used 7905K [0x00000000a0000000, 0x00000000a5580000, 0x00000000e0000000)
  object space 87552K, 9% used [0x00000000a0000000,0x00000000a07b8458,0x00000000a5580000)
 Metaspace       used 20825K, capacity 21230K, committed 21296K, reserved 1067008K
  class space    used 2788K, capacity 2944K, committed 2944K, reserved 1048576K
}
Event: 3.092 GC heap before
{Heap before GC invocations=5 (full 1):
 PSYoungGen      total 38400K, used 5120K [0x00000000e0000000, 0x00000000e4b00000, 0x0000000100000000)
  eden space 33280K, 0% used [0x00000000e0000000,0x00000000e0000000,0x00000000e2080000)
  from space 5120K, 100% used [0x00000000e2580000,0x00000000e2a80000,0x00000000e2a80000)
  to   space 5120K, 0% used [0x00000000e2080000,0x00000000e2080000,0x00000000e2580000)
 ParOldGen       total 87552K, used 7905K [0x00000000a0000000, 0x00000000a5580000, 0x00000000e0000000)
  object space 87552K, 9% used [0x00000000a0000000,0x00000000a07b8458,0x00000000a5580000)
 Metaspace       used 20825K, capacity 21230K, committed 21296K, reserved 1067008K
  class space    used 2788K, capacity 2944K, committed 2944K, reserved 1048576K
Event: 3.143 GC heap after
Heap after GC invocations=5 (full 1):
 PSYoungGen      total 38400K, used 0K [0x00000000e0000000, 0x00000000e4b00000, 0x0000000100000000)
  eden space 33280K, 0% used [0x00000000e0000000,0x00000000e0000000,0x00000000e2080000)
  from space 5120K, 0% used [0x00000000e2580000,0x00000000e2580000,0x00000000e2a80000)
  to   space 5120K, 0% used [0x00000000e2080000,0x00000000e2080000,0x00000000e2580000)
 ParOldGen       total 68096K, used 9291K [0x00000000a0000000, 0x00000000a4280000, 0x00000000e0000000)
  object space 68096K, 13% used [0x00000000a0000000,0x00000000a0912f60,0x00000000a4280000)
 Metaspace       used 20825K, capacity 21230K, committed 21296K, reserved 1067008K
  class space    used 2788K, capacity 2944K, committed 2944K, reserved 1048576K
}
Event: 3.864 GC heap before
{Heap before GC invocations=6 (full 1):
 PSYoungGen      total 38400K, used 33280K [0x00000000e0000000, 0x00000000e4b00000, 0x0000000100000000)
  eden space 33280K, 100% used [0x00000000e0000000,0x00000000e2080000,0x00000000e2080000)
  from space 5120K, 0% used [0x00000000e2580000,0x00000000e2580000,0x00000000e2a80000)
  to   space 5120K, 0% used [0x00000000e2080000,0x00000000e2080000,0x00000000e2580000)
 ParOldGen       total 68096K, used 9291K [0x00000000a0000000, 0x00000000a4280000, 0x00000000e0000000)
  object space 68096K, 13% used [0x00000000a0000000,0x00000000a0912f80,0x00000000a4280000)
 Metaspace       used 23635K, capacity 24080K, committed 24448K, reserved 1071104K
  class space    used 3173K, capacity 3337K, committed 3456K, reserved 1048576K
Event: 3.870 GC heap after
Heap after GC invocations=6 (full 1):
 PSYoungGen      total 38400K, used 3528K [0x00000000e0000000, 0x00000000e4380000, 0x0000000100000000)
  eden space 33280K, 0% used [0x00000000e0000000,0x00000000e0000000,0x00000000e2080000)
  from space 5120K, 68% used [0x00000000e2080000,0x00000000e23f20a8,0x00000000e2580000)
  to   space 11264K, 0% used [0x00000000e3880000,0x00000000e3880000,0x00000000e4380000)
 ParOldGen       total 68096K, used 9299K [0x00000000a0000000, 0x00000000a4280000, 0x00000000e0000000)
  object space 68096K, 13% used [0x00000000a0000000,0x00000000a0914f80,0x00000000a4280000)
 Metaspace       used 23635K, capacity 24080K, committed 24448K, reserved 1071104K
  class space    used 3173K, capacity 3337K, committed 3456K, reserved 1048576K
}
Event: 4.902 GC heap before
{Heap before GC invocations=7 (full 1):
 PSYoungGen      total 38400K, used 36808K [0x00000000e0000000, 0x00000000e4380000, 0x0000000100000000)
  eden space 33280K, 100% used [0x00000000e0000000,0x00000000e2080000,0x00000000e2080000)
  from space 5120K, 68% used [0x00000000e2080000,0x00000000e23f20a8,0x00000000e2580000)
  to   space 11264K, 0% used [0x00000000e3880000,0x00000000e3880000,0x00000000e4380000)
 ParOldGen       total 68096K, used 9307K [0x00000000a0000000, 0x00000000a4280000, 0x00000000e0000000)
  object space 68096K, 13% used [0x00000000a0000000,0x00000000a0916cc0,0x00000000a4280000)
 Metaspace       used 26468K, capacity 26980K, committed 27136K, reserved 1073152K
  class space    used 3651K, capacity 3782K, committed 3840K, reserved 1048576K
Event: 4.917 GC heap after
Heap after GC invocations=7 (full 1):
 PSYoungGen      total 57856K, used 6244K [0x00000000e0000000, 0x00000000e4300000, 0x0000000100000000)
  eden space 47104K, 0% used [0x00000000e0000000,0x00000000e0000000,0x00000000e2e00000)
  from space 10752K, 58% used [0x00000000e3880000,0x00000000e3e99088,0x00000000e4300000)
  to   space 10752K, 0% used [0x00000000e2e00000,0x00000000e2e00000,0x00000000e3880000)
 ParOldGen       total 68096K, used 9315K [0x00000000a0000000, 0x00000000a4280000, 0x00000000e0000000)
  object space 68096K, 13% used [0x00000000a0000000,0x00000000a0918cc0,0x00000000a4280000)
 Metaspace       used 26468K, capacity 26980K, committed 27136K, reserved 1073152K
  class space    used 3651K, capacity 3782K, committed 3840K, reserved 1048576K
}
Event: 7.418 GC heap before
{Heap before GC invocations=8 (full 1):
 PSYoungGen      total 57856K, used 53348K [0x00000000e0000000, 0x00000000e4300000, 0x0000000100000000)
  eden space 47104K, 100% used [0x00000000e0000000,0x00000000e2e00000,0x00000000e2e00000)
  from space 10752K, 58% used [0x00000000e3880000,0x00000000e3e99088,0x00000000e4300000)
  to   space 10752K, 0% used [0x00000000e2e00000,0x00000000e2e00000,0x00000000e3880000)
 ParOldGen       total 68096K, used 9315K [0x00000000a0000000, 0x00000000a4280000, 0x00000000e0000000)
  object space 68096K, 13% used [0x00000000a0000000,0x00000000a0918cc0,0x00000000a4280000)
 Metaspace       used 29670K, capacity 30224K, committed 30464K, reserved 1075200K
  class space    used 4059K, capacity 4242K, committed 4352K, reserved 1048576K
Event: 7.432 GC heap after
Heap after GC invocations=8 (full 1):
 PSYoungGen      total 57856K, used 6920K [0x00000000e0000000, 0x00000000e5380000, 0x0000000100000000)
  eden space 47104K, 0% used [0x00000000e0000000,0x00000000e0000000,0x00000000e2e00000)
  from space 10752K, 64% used [0x00000000e2e00000,0x00000000e34c2038,0x00000000e3880000)
  to   space 10240K, 0% used [0x00000000e4980000,0x00000000e4980000,0x00000000e5380000)
 ParOldGen       total 68096K, used 9323K [0x00000000a0000000, 0x00000000a4280000, 0x00000000e0000000)
  object space 68096K, 13% used [0x00000000a0000000,0x00000000a091acc0,0x00000000a4280000)
 Metaspace       used 29670K, capacity 30224K, committed 30464K, reserved 1075200K
  class space    used 4059K, capacity 4242K, committed 4352K, reserved 1048576K
}

